2021-06-09T17:29:16+00:00 CRITICAL Uncaught Error: Failed opening required 'C:\xampp\htdocs\efashion\wp-content\themes\efashion/wp-blog-header.php' (include_path='C:\xampp\php\PEAR') in C:\xampp\htdocs\efashion\wp-content\themes\efashion\index.php:17
Stack trace:
#0 C:\xampp\htdocs\efashion\wp-includes\template-loader.php(106): include()
#1 C:\xampp\htdocs\efashion\wp-blog-header.php(19): require_once('C:\\xampp\\htdocs...')
#2 C:\xampp\htdocs\efashion\index.php(17): require('C:\\xampp\\htdocs...')
#3 {main}
  thrown in C:\xampp\htdocs\efashion\wp-content\themes\efashion\index.php on line 17

2021-06-09T17:29:24+00:00 CRITICAL Uncaught Error: Failed opening required 'C:\xampp\htdocs\efashion\wp-content\themes\efashion/wp-blog-header.php' (include_path='C:\xampp\php\PEAR') in C:\xampp\htdocs\efashion\wp-content\themes\efashion\index.php:17
Stack trace:
#0 C:\xampp\htdocs\efashion\wp-includes\template-loader.php(106): include()
#1 C:\xampp\htdocs\efashion\wp-blog-header.php(19): require_once('C:\\xampp\\htdocs...')
#2 C:\xampp\htdocs\efashion\index.php(17): require('C:\\xampp\\htdocs...')
#3 {main}
  thrown in C:\xampp\htdocs\efashion\wp-content\themes\efashion\index.php on line 17

2021-06-09T17:30:43+00:00 CRITICAL Uncaught Error: Failed opening required 'C:\xampp\htdocs\efashion\wp-content\themes\efashion/wp-blog-header.php' (include_path='C:\xampp\php\PEAR') in C:\xampp\htdocs\efashion\wp-content\themes\efashion\index.php:17
Stack trace:
#0 C:\xampp\htdocs\efashion\wp-includes\template-loader.php(106): include()
#1 C:\xampp\htdocs\efashion\wp-blog-header.php(19): require_once('C:\\xampp\\htdocs...')
#2 C:\xampp\htdocs\efashion\index.php(17): require('C:\\xampp\\htdocs...')
#3 {main}
  thrown in C:\xampp\htdocs\efashion\wp-content\themes\efashion\index.php on line 17

